Update: 1574464712
Update: 3222797821
Update: 1563453601
Update: 2743184474
Update: 1943569756
Update: 894897348
Update: 4080147058
Update: 2348469001
Update: 3974059071
Update: 2225023709
Update: 975910442
Update: 3253664600
Update: 3949300670
Update: 2357012305
Update: 1448781782
Update: 2378762196
Update: 185837802
Update: 1857737281
Update: 468297791
Update: 2221516924
Update: 181703716
Update: 2906275679
Update: 4274912709
Update: 3451622623
Update: 1491669548
Update: 583350362
Update: 3351201665
Update: 3441344670
Update: 361485470
Update: 1276338423
Update: 1875340218
Update: 3341197925
Update: 2982307216
Update: 355534048
Update: 1572919341
Update: 1870144480
Update: 404239187
Update: 3118421043
Update: 4068056570
Update: 1278120802
Update: 1111907571
Update: 272414121
Update: 787228256
Update: 973674168
Update: 3093638124
Update: 2973475100
Update: 235446992
Update: 966770758
Update: 2136967612
Update: 4252081935
Update: 1199360735
Update: 4087921108
Update: 3259843599
Update: 179156766
Update: 3327143918
Update: 489101307
Update: 1030093750
Update: 1316137680
Update: 2950233360
Update: 1844100433
Update: 3618721341
Update: 3494780792
Update: 4206984863
Update: 3780267317
Update: 4125077181
Update: 893908712
Update: 3845067150
Update: 2479703157
Update: 2513011072
Update: 1344855850
Update: 3244700196
Update: 71786104
Update: 1852854300
Update: 2520527731
Update: 2424779694
Update: 2811905065
Update: 1401892726
Update: 2454141268
Update: 4054906198
Update: 2764593177
Update: 2557438478
Update: 683192690
Update: 4023569754
Update: 1396904837
Update: 2721665329
Update: 1899775198
Update: 981565291
Update: 464332862
Update: 3671362373
Update: 4171702196
Update: 2725707673
Update: 3683224280
Update: 1718982904
Update: 2691771309
Update: 1841125276
Update: 901430815
Update: 1458266381
Update: 2580038899
Update: 2139432463
Update: 898172772
Update: 2904392215
Update: 779306239
Update: 3964493767
Update: 3434115507
Update: 1925050216
Update: 627585728
Update: 1838932378
Update: 3861934880
Update: 1230703177
Update: 3199850846
Update: 3355332189
Update: 2665977839
Update: 3517703284
Update: 1581667484
Update: 137414076
Update: 2625545272
Update: 4000324872
Update: 1537960110
Update: 1137431685
Update: 1871630811
Update: 1434985068
Update: 3318652560
Update: 255577627
Update: 3794657193
Update: 2839921030
Update: 698914206
Update: 1267746876
Update: 1753363077
Update: 1929134404
Update: 1656204664
Update: 2559364526
Update: 1534611781
Update: 3064005628
Update: 995035165
Update: 1515528939
Update: 2734696623
Update: 3828997539
Update: 3324960349
Update: 3064387269
Update: 620151882
Update: 2590658986
Update: 2719259869
Update: 132266469
Update: 3317074777
Update: 246435619
Update: 3840074793
Update: 3285713374
Update: 1893113380
Update: 3485895335
Update: 124817954
Update: 928353624
Update: 1207033141
Update: 3668446258
Update: 2336113417
Update: 2326522129
Update: 601156782
Update: 2613579784
Update: 1162303315
